#
# There is insufficient memory for the Java Runtime Environment to continue.
# Native memory allocation (mmap) failed to map 134217728 bytes for G1 virtual space
# Possible reasons:
#   The system is out of physical RAM or swap space
#   The process is running with CompressedOops enabled, and the Java Heap may be blocking the growth of the native heap
# Possible solutions:
#   Reduce memory load on the system
#   Increase physical memory or swap space
#   Check if swap backing store is full
#   Decrease Java heap size (-Xmx/-Xms)
#   Decrease number of Java threads
#   Decrease Java thread stack sizes (-Xss)
#   Set larger code cache with -XX:ReservedCodeCacheSize=
#   JVM is running with Unscaled Compressed Oops mode in which the Java heap is
#     placed in the first 4GB address space. The Java Heap base address is the
#     maximum limit for the native heap growth. Please use -XX:HeapBaseMinAddress
#     to set the Java Heap base and to place the Java Heap above 4GB virtual address.
# This output file may be truncated or incomplete.
#
#  Out of Memory Error (os_windows.cpp:3532), pid=13332, tid=10364
#
# JRE version:  (17.0.2+8) (build )
# Java VM: Java HotSpot(TM) 64-Bit Server VM (17.0.2+8-LTS-86, mixed mode, sharing, tiered, compressed oops, compressed class ptrs, g1 gc, windows-amd64)
# No core dump will be written. Minidumps are not enabled by default on client versions of Windows
#

---------------  S U M M A R Y ------------

Command Line: -Dfile.encoding=UTF-8 --add-opens=java.base/java.lang=ALL-UNNAMED --add-opens=java.base/java.util=ALL-UNNAMED --module-path=E:\Java\GiaoDienNhanVien_Test\build\classes View.DangNhapFrame

Host: Intel(R) Core(TM) i5-6300U CPU @ 2.40GHz, 4 cores, 7G,  Windows 10 , 64 bit Build 19041 (10.0.19041.1741)
Time: Wed Jun 22 03:24:55 2022 SE Asia Standard Time elapsed time: 0.017803 seconds (0d 0h 0m 0s)

---------------  T H R E A D  ---------------

Current thread (0x0000019989910560):  JavaThread "Unknown thread" [_thread_in_vm, id=10364, stack(0x0000000c8ab00000,0x0000000c8ac00000)]

Stack: [0x0000000c8ab00000,0x0000000c8ac00000]
Native frames: (J=compiled Java code, j=interpreted, Vv=VM code, C=native code)
V  [jvm.dll+0x670baa]
V  [jvm.dll+0x7cfcb4]
V  [jvm.dll+0x7d145e]
V  [jvm.dll+0x7d1ac3]
V  [jvm.dll+0x242bc5]
V  [jvm.dll+0x66dac9]
V  [jvm.dll+0x662412]
V  [jvm.dll+0x300c0b]
V  [jvm.dll+0x3081a6]
V  [jvm.dll+0x357d0e]
V  [jvm.dll+0x357f3f]
V  [jvm.dll+0x2d7ec8]
V  [jvm.dll+0x2d8e34]
V  [jvm.dll+0x7a18c1]
V  [jvm.dll+0x365a91]
V  [jvm.dll+0x780d2c]
V  [jvm.dll+0x3e845f]
V  [jvm.dll+0x3e9f01]
C  [jli.dll+0x527b]
C  [ucrtbase.dll+0x21bb2]
C  [KERNEL32.DLL+0x17034]
C  [ntdll.dll+0x52651]


---------------  P R O C E S S  ---------------

Threads class SMR info:
_java_thread_list=0x00007ffcf5349858, length=0, elements={
}

Java Threads: ( => current thread )

Other Threads:
  0x0000019989955800 GCTaskThread "GC Thread#0" [stack: 0x0000000c8ac00000,0x0000000c8ad00000] [id=1764]
  0x0000019989966400 ConcurrentGCThread "G1 Main Marker" [stack: 0x0000000c8ad00000,0x0000000c8ae00000] [id=11796]
  0x00000199899675b0 ConcurrentGCThread "G1 Conc#0" [stack: 0x0000000c8ae00000,0x0000000c8af00000] [id=8972]

[error occurred during error reporting (printing all threads), id 0xc0000005, EXCEPTION_ACCESS_VIOLATION (0xc0000005) at pc=0x00007ffcf4b988a7]

VM state: not at safepoint (not fully initialized)

VM Mutex/Monitor currently owned by a thread:  ([mutex/lock_event])
[0x000001998990b5e0] Heap_lock - owner thread: 0x0000019989910560

Heap address: 0x0000000081a00000, size: 2022 MB, Compressed Oops mode: 32-bit

CDS archive(s) mapped at: [0x0000000000000000-0x0000000000000000-0x0000000000000000), size 0, SharedBaseAddress: 0x0000000800000000, ArchiveRelocationMode: 0.
Narrow klass base: 0x0000000000000000, Narrow klass shift: 0, Narrow klass range: 0x0

GC Precious Log:
<Empty>

Heap:
 garbage-first heap   total 0K, used 0K [0x0000000081a00000, 0x0000000100000000)
  region size 1024K, 0 young (0K), 0 survivors (0K)

[error occurred during error reporting (printing heap information), id 0xc0000005, EXCEPTION_ACCESS_VIOLATION (0xc0000005) at pc=0x00007ffcf4f79f19]

GC Heap History (0 events):
No events

Deoptimization events (0 events):
No events

Classes unloaded (0 events):
No events

Classes redefined (0 events):
No events

Internal exceptions (0 events):
No events

VM Operations (0 events):
No events

Events (1 events):
Event: 0.010 Loaded shared library C:\Program Files\Java\jdk-17.0.2\bin\java.dll


Dynamic libraries:
0x00007ff6a1de0000 - 0x00007ff6a1df0000 	C:\Program Files\Java\jdk-17.0.2\bin\java.exe
0x00007ffd78950000 - 0x00007ffd78b47000 	C:\WINDOWS\SYSTEM32\ntdll.dll
0x00007ffd77d30000 - 0x00007ffd77ded000 	C:\WINDOWS\System32\KERNEL32.DLL
0x00007ffd764f0000 - 0x00007ffd767bd000 	C:\WINDOWS\System32\KERNELBASE.dll
0x00007ffd76100000 - 0x00007ffd76200000 	C:\WINDOWS\System32\ucrtbase.dll
0x00007ffd48dd0000 - 0x00007ffd48dea000 	C:\Program Files\Java\jdk-17.0.2\bin\VCRUNTIME140.dll
0x00007ffd62e80000 - 0x00007ffd62e98000 	C:\Program Files\Java\jdk-17.0.2\bin\jli.dll
0x00007ffd76a90000 - 0x00007ffd76b3e000 	C:\WINDOWS\System32\ADVAPI32.dll
0x00007ffd76ea0000 - 0x00007ffd76f3e000 	C:\WINDOWS\System32\msvcrt.dll
0x00007ffd76f40000 - 0x00007ffd76fdc000 	C:\WINDOWS\System32\sechost.dll
0x00007ffd77df0000 - 0x00007ffd77f15000 	C:\WINDOWS\System32\RPCRT4.dll
0x00007ffd76b40000 - 0x00007ffd76ce0000 	C:\WINDOWS\System32\USER32.dll
0x00007ffd76980000 - 0x00007ffd769a2000 	C:\WINDOWS\System32\win32u.dll
0x00007ffd61bf0000 - 0x00007ffd61e8a000 	C:\WINDOWS\WinSxS\amd64_microsoft.windows.common-controls_6595b64144ccf1df_6.0.19041.1110_none_60b5254171f9507e\COMCTL32.dll
0x00007ffd77f80000 - 0x00007ffd77faa000 	C:\WINDOWS\System32\GDI32.dll
0x00007ffd767c0000 - 0x00007ffd768cb000 	C:\WINDOWS\System32\gdi32full.dll
0x00007ffd76450000 - 0x00007ffd764ed000 	C:\WINDOWS\System32\msvcp_win.dll
0x00007ffd74760000 - 0x00007ffd7476a000 	C:\WINDOWS\SYSTEM32\VERSION.dll
0x00007ffd78760000 - 0x00007ffd78790000 	C:\WINDOWS\System32\IMM32.DLL
0x00007ffd63060000 - 0x00007ffd6306c000 	C:\Program Files\Java\jdk-17.0.2\bin\vcruntime140_1.dll
0x00007ffcfcf40000 - 0x00007ffcfcfcd000 	C:\Program Files\Java\jdk-17.0.2\bin\msvcp140.dll
0x00007ffcf48b0000 - 0x00007ffcf5471000 	C:\Program Files\Java\jdk-17.0.2\bin\server\jvm.dll
0x00007ffd76e00000 - 0x00007ffd76e08000 	C:\WINDOWS\System32\PSAPI.DLL
0x00007ffd605f0000 - 0x00007ffd605f9000 	C:\WINDOWS\SYSTEM32\WSOCK32.dll
0x00007ffd77fb0000 - 0x00007ffd7801b000 	C:\WINDOWS\System32\WS2_32.dll
0x00007ffd74730000 - 0x00007ffd74757000 	C:\WINDOWS\SYSTEM32\WINMM.dll
0x00007ffd74900000 - 0x00007ffd74912000 	C:\WINDOWS\SYSTEM32\kernel.appcore.dll
0x00007ffd4ab60000 - 0x00007ffd4ab6a000 	C:\Program Files\Java\jdk-17.0.2\bin\jimage.dll
0x00007ffd74540000 - 0x00007ffd74724000 	C:\WINDOWS\SYSTEM32\DBGHELP.DLL
0x00007ffd74510000 - 0x00007ffd7453c000 	C:\WINDOWS\SYSTEM32\dbgcore.DLL
0x00007ffd76070000 - 0x00007ffd760f2000 	C:\WINDOWS\System32\bcryptPrimitives.dll
0x00007ffd48b70000 - 0x00007ffd48b95000 	C:\Program Files\Java\jdk-17.0.2\bin\java.dll

dbghelp: loaded successfully - version: 4.0.5 - missing functions: none
symbol engine: initialized successfully - sym options: 0x614 - pdb path: .;C:\Program Files\Java\jdk-17.0.2\bin;C:\WINDOWS\SYSTEM32;C:\WINDOWS\WinSxS\amd64_microsoft.windows.common-controls_6595b64144ccf1df_6.0.19041.1110_none_60b5254171f9507e;C:\Program Files\Java\jdk-17.0.2\bin\server

VM Arguments:
jvm_args: -Dfile.encoding=UTF-8 --add-opens=java.base/java.lang=ALL-UNNAMED --add-opens=java.base/java.util=ALL-UNNAMED --module-path=E:\Java\GiaoDienNhanVien_Test\build\classes 
java_command: View.DangNhapFrame
java_class_path (initial): C:\Program Files\NetBeans-12.5\netbeans\java\modules\ext\AbsoluteLayout.jar;D:\Me\OneDrive - Tru?ng ÐH CNTT - University of Information Technology\Tài li?u\commons-beanutils-1.8.0.jar;D:\Me\OneDrive - Tru?ng ÐH CNTT - University of Information Technology\Tài li?u\commons-collections-2.1.1.jar;D:\Me\OneDrive - Tru?ng ÐH CNTT - University of Information Technology\Tài li?u\commons-digester-2.1.jar;D:\Me\OneDrive - Tru?ng ÐH CNTT - University of Information Technology\Tài li?u\commons-logging-1.1.1.jar;D:\Me\OneDrive - Tru?ng ÐH CNTT - University of Information Technology\Tài li?u\dom4j-1.6.1.jar;D:\Me\OneDrive - Tru?ng ÐH CNTT - University of Information Technology\Tài li?u\groovy-all-2.0.1.jar;D:\Me\OneDrive - Tru?ng ÐH CNTT - University of Information Technology\Tài li?u\itextpdf-5.5.0.jar;D:\Me\OneDrive - Tru?ng ÐH CNTT - University of Information Technology\Tài li?u\jasperreports-5.5.0.jar;D:\Me\OneDrive - Tru?ng ÐH CNTT - University of Information Technology\Tài li?u\jasperreports-fonts-5.5.0.jar;D:\Me\OneDrive - Tru?ng ÐH CNTT - University of Information Technology\Tài li?u\jasperreports-javaflow-5.5.0.jar;D:\Me\OneDrive - Tru?ng ÐH CNTT - University of Information Technology\Tài li?u\javax.servlet-5.1.12.jar;E:\Run_Report\ojdbc7.jar;E:\Java\Report\barbecue-1.5-beta1.jar;E:\Java\Report\commons-beanutils-1.8.0.jar;E:\Java\Report\commons-collections-2.1.1.jar;E:\Java\Report\commons-digester-2.1.jar;E:\Java\Report\commons-logging-1.1.1.jar;E:\Java\Report\dom4j-1.6.1.jar;E:\Java\Report\groovy-all-2.0.1.jar;E:\Java\Report\itextpdf-5.5.0.jar;E:\Java\Report\jasperreports-5.5.0.jar;E:\Java\Report\jasperreports-fonts-5.5.0.jar;E:\Java\Report\jasperreports-javaflow-5.5.0.jar;E:\Java\Report\javax.servlet-5.1.12.jar;E:\Java\Report\jcommon-1.0.24.jar;E:\Java\Report\Run_Report\jcalendar-1.4\lib\jcalendar-1.4.jar;E:\Java\Report\Run_Report\jcalendar-1.4\lib\jgoodies-common-1.2.0.jar;E:\Java\Report\Run_Report\jcalendar-1.4\lib\jgoodies-looks-2.4.1.ja
Launcher Type: SUN_STANDARD

[Global flags]
     intx CICompilerCount                          = 3                                         {product} {ergonomic}
     uint ConcGCThreads                            = 1                                         {product} {ergonomic}
     uint G1ConcRefinementThreads                  = 4                                         {product} {ergonomic}
   size_t G1HeapRegionSize                         = 1048576                                   {product} {ergonomic}
    uintx GCDrainStackTargetSize                   = 64                                        {product} {ergonomic}
   size_t InitialHeapSize                          = 134217728                                 {product} {ergonomic}
   size_t MarkStackSize                            = 4194304                                   {product} {ergonomic}
   size_t MaxHeapSize                              = 2120220672                                {product} {ergonomic}
   size_t MinHeapDeltaBytes                        = 1048576                                   {product} {ergonomic}
   size_t MinHeapSize                              = 8388608                                   {product} {ergonomic}
    uintx NonNMethodCodeHeapSize                   = 5832780                                {pd product} {ergonomic}
    uintx NonProfiledCodeHeapSize                  = 122912730                              {pd product} {ergonomic}
    uintx ProfiledCodeHeapSize                     = 122912730                              {pd product} {ergonomic}
    uintx ReservedCodeCacheSize                    = 251658240                              {pd product} {ergonomic}
     bool SegmentedCodeCache                       = true                                      {product} {ergonomic}
   size_t SoftMaxHeapSize                          = 2120220672                             {manageable} {ergonomic}
     bool UseCompressedClassPointers               = true                           {product lp64_product} {ergonomic}
     bool UseCompressedOops                        = true                           {product lp64_product} {ergonomic}
     bool UseG1GC                                  = true                                      {product} {ergonomic}
     bool UseLargePagesIndividualAllocation        = false                                  {pd product} {ergonomic}

Logging:
Log output configuration:
 #0: stdout all=warning uptime,level,tags
 #1: stderr all=off uptime,level,tags

Environment Variables:
JAVA_HOME=C:\Program Files\Java\jdk-17.0.2
PATH=F:\app\client\hello\product\18.0.0\client_1;F:\app\client\hello\product\18.0.0\client_1\bin;F:\app\client\hello\product\12.2.0\client_1;F:\app\client\hello\product\12.2.0\client_1\bin;C:\Program Files\Common Files\Oracle\Java\javapath;C:\Program Files (x86)\Common Files\Oracle\Java\javapath;F:\Oracle\bin;C:\WINDOWS\system32;C:\WINDOWS;C:\WINDOWS\System32\Wbem;C:\WINDOWS\System32\WindowsPowerShell\v1.0\;C:\WINDOWS\System32\OpenSSH\;E:\Visual Studio\Windows Performance Toolkit\;C:\msys64\mingw64\bin;C:\Program Files\Microsoft SQL Server\Client SDK\ODBC\170\Tools\Binn\;C:\Program Files (x86)\Microsoft SQL Server\150\Tools\Binn\;C:\Program Files\Microsoft SQL Server\150\Tools\Binn\;C:\Program Files\Microsoft SQL Server\150\DTS\Binn\;C:\Program Files (x86)\Microsoft SQL Server\150\DTS\Binn\;C:\Program Files\Azure Data Studio\bin;D:\Ph?n m?m\git\Git\cmd;C:\Program Files\Java\jdk-17.0.2\bin;C:\Program Files\Git\cmd;C:\Users\hello\AppData\Local\Microsoft\WindowsApps;C:\msys64\mingw64\bin;C:\Users\hello\AppData\Local\Programs\Microsoft VS Code\bin;C:\Program Files\Azure Data Studio\bin;C:\Users\hello\AppData\Local\GitHubDesktop\bin;C:\Program Files\JetBrains\IntelliJ IDEA 2022.1\bin;
USERNAME=hello
OS=Windows_NT
PROCESSOR_IDENTIFIER=Intel64 Family 6 Model 78 Stepping 3, GenuineIntel



---------------  S Y S T E M  ---------------

OS:
 Windows 10 , 64 bit Build 19041 (10.0.19041.1741)
OS uptime: 0 days 11:39 hours

CPU: total 4 (initial active 4) (2 cores per cpu, 2 threads per core) family 6 model 78 stepping 3 microcode 0xea, cx8, cmov, fxsr, ht, mmx, 3dnowpref, sse, sse2, sse3, ssse3, sse4.1, sse4.2, popcnt, lzcnt, tsc, tscinvbit, avx, avx2, aes, erms, clmul, bmi1, bmi2, rtm, adx, fma, vzeroupper, clflush, clflushopt

Memory: 4k page, system-wide physical 8083M (455M free)
TotalPageFile size 12179M (AvailPageFile size 14M)
current process WorkingSet (physical memory assigned to process): 10M, peak: 10M
current process commit charge ("private bytes"): 51M, peak: 179M

vm_info: Java HotSpot(TM) 64-Bit Server VM (17.0.2+8-LTS-86) for windows-amd64 JRE (17.0.2+8-LTS-86), built on Dec  7 2021 21:51:03 by "mach5one" with MS VC++ 16.8 / 16.9 (VS2019)

END.
